Performing C SOURCE FILE Test CMAKE_HAVE_LIBC_PTHREAD failed with the following output:
Change Dir: /home/vtd/Documents/planning/piecewise_bezier_sdf/c++_version/build_release/CMakeFiles/CMakeScratch/TryCompile-PmX8Mu

Run Build Command(s):/usr/bin/make -f Makefile cmTC_e37c7/fast && /usr/bin/make  -f CMakeFiles/cmTC_e37c7.dir/build.make CMakeFiles/cmTC_e37c7.dir/build
make[1]: Entering directory '/home/vtd/Documents/planning/piecewise_bezier_sdf/c++_version/build_release/CMakeFiles/CMakeScratch/TryCompile-PmX8Mu'
Building C object CMakeFiles/cmTC_e37c7.dir/src.c.o
/usr/bin/cc -DCMAKE_HAVE_LIBC_PTHREAD  -fdiagnostics-color=always -o CMakeFiles/cmTC_e37c7.dir/src.c.o -c /home/vtd/Documents/planning/piecewise_bezier_sdf/c++_version/build_release/CMakeFiles/CMakeScratch/TryCompile-PmX8Mu/src.c
Linking C executable cmTC_e37c7
/home/vtd/clion-2023.1.4/bin/cmake/linux/x64/bin/cmake -E cmake_link_script CMakeFiles/cmTC_e37c7.dir/link.txt --verbose=1
/usr/bin/cc CMakeFiles/cmTC_e37c7.dir/src.c.o -o cmTC_e37c7 
/usr/bin/ld: CMakeFiles/cmTC_e37c7.dir/src.c.o: in function `main':
src.c:(.text+0x46): undefined reference to `pthread_create'
/usr/bin/ld: src.c:(.text+0x52): undefined reference to `pthread_detach'
/usr/bin/ld: src.c:(.text+0x5e): undefined reference to `pthread_cancel'
/usr/bin/ld: src.c:(.text+0x6f): undefined reference to `pthread_join'
collect2: error: ld returned 1 exit status
make[1]: *** [CMakeFiles/cmTC_e37c7.dir/build.make:99: cmTC_e37c7] Error 1
make[1]: Leaving directory '/home/vtd/Documents/planning/piecewise_bezier_sdf/c++_version/build_release/CMakeFiles/CMakeScratch/TryCompile-PmX8Mu'
make: *** [Makefile:127: cmTC_e37c7/fast] Error 2


Source file was:
#include <pthread.h>

static void* test_func(void* data)
{
  return data;
}

int main(void)
{
  pthread_t thread;
  pthread_create(&thread, NULL, test_func, NULL);
  pthread_detach(thread);
  pthread_cancel(thread);
  pthread_join(thread, NULL);
  pthread_atfork(NULL, NULL, NULL);
  pthread_exit(NULL);

  return 0;
}


Determining if the function pthread_create exists in the pthreads failed with the following output:
Change Dir: /home/vtd/Documents/planning/piecewise_bezier_sdf/c++_version/build_release/CMakeFiles/CMakeScratch/TryCompile-9n4AQs

Run Build Command(s):/usr/bin/make -f Makefile cmTC_d4b6e/fast && /usr/bin/make  -f CMakeFiles/cmTC_d4b6e.dir/build.make CMakeFiles/cmTC_d4b6e.dir/build
make[1]: Entering directory '/home/vtd/Documents/planning/piecewise_bezier_sdf/c++_version/build_release/CMakeFiles/CMakeScratch/TryCompile-9n4AQs'
Building C object CMakeFiles/cmTC_d4b6e.dir/CheckFunctionExists.c.o
/usr/bin/cc   -DCHECK_FUNCTION_EXISTS=pthread_create -fdiagnostics-color=always -o CMakeFiles/cmTC_d4b6e.dir/CheckFunctionExists.c.o -c /home/vtd/Documents/planning/piecewise_bezier_sdf/c++_version/build_release/CMakeFiles/CMakeScratch/TryCompile-9n4AQs/CheckFunctionExists.c
Linking C executable cmTC_d4b6e
/home/vtd/clion-2023.1.4/bin/cmake/linux/x64/bin/cmake -E cmake_link_script CMakeFiles/cmTC_d4b6e.dir/link.txt --verbose=1
/usr/bin/cc  -DCHECK_FUNCTION_EXISTS=pthread_create CMakeFiles/cmTC_d4b6e.dir/CheckFunctionExists.c.o -o cmTC_d4b6e  -lpthreads 
/usr/bin/ld: cannot find -lpthreads
collect2: error: ld returned 1 exit status
make[1]: *** [CMakeFiles/cmTC_d4b6e.dir/build.make:99: cmTC_d4b6e] Error 1
make[1]: Leaving directory '/home/vtd/Documents/planning/piecewise_bezier_sdf/c++_version/build_release/CMakeFiles/CMakeScratch/TryCompile-9n4AQs'
make: *** [Makefile:127: cmTC_d4b6e/fast] Error 2



